[04-06-2025 15:02:43] - [[31merror[39m]: Erreur lors de l'inscription de l'utilisateur: [
  {
    "code": "too_small",
    "minimum": 6,
    "type": "string",
    "inclusive": true,
    "exact": false,
    "message": "L'username doit contenir au moins 6 caractères ",
    "path": [
      "username"
    ]
  }
]
[04-06-2025 16:53:35] - [[32minfo[39m]: [GET] Récupérer tout les poissons
[04-06-2025 16:53:35] - [[31merror[39m]: Erreur lors de la récupération des poissons: Failed query: select "id", "name", "level", "created_at", "updated_at" from "fishes"
params: 
[05-06-2025 10:51:51] - [[32minfo[39m]: [POST] Créer un endroit
[05-06-2025 10:52:46] - [[32minfo[39m]: [POST] Créer un endroit
[05-06-2025 10:53:44] - [[32minfo[39m]: [DELETE] Supprimer un endroit
[05-06-2025 10:54:01] - [[32minfo[39m]: [DELETE] Supprimer un endroit
[05-06-2025 11:02:26] - [[32minfo[39m]: [POST] Créer un endroit
[05-06-2025 11:02:44] - [[32minfo[39m]: [UPDATE] Update d'un endroit
[05-06-2025 11:11:11] - [[32minfo[39m]: [POST] Créer un poisson
[05-06-2025 11:13:03] - [[32minfo[39m]: [POST] Créer un poisson
[05-06-2025 11:14:27] - [[32minfo[39m]: [POST] Créer un poisson
[05-06-2025 11:14:30] - [[32minfo[39m]: [POST] Créer un poisson
[05-06-2025 11:15:45] - [[32minfo[39m]: [POST] Créer un poisson
[05-06-2025 11:15:47] - [[32minfo[39m]: [POST] Créer un poisson
[05-06-2025 11:15:47] - [[31merror[39m]: Erreur lors de la création du poisson: Failed query: insert into "fishes" ("id", "name", "level", "user_id", "place_id", "created_at", "updated_at") values (default, $1, default, $2, $3, default, default) returning "id", "name"
params: lke poisson,5b5a3099-e29b-41e4-8aa3-33482062af1e,dba1659d-7ca6-47e9-bd40-ebc69b942643
[05-06-2025 11:18:08] - [[32minfo[39m]: [POST] Créer un poisson
[05-06-2025 11:24:07] - [[32minfo[39m]: [UPDATE] Update d'un poisson
[05-06-2025 11:26:10] - [[32minfo[39m]: [UPDATE] Update d'un poisson
[05-06-2025 11:26:45] - [[32minfo[39m]: [UPDATE] Update d'un poisson
[05-06-2025 11:26:45] - [[31merror[39m]: Erreur lors de la màj du post: Failed query: update "fishes" set "name" = $1, "user_id" = $2, "place_id" = $3 where ("fishes"."id" = $4 and "fishes"."user_id" = $5)
params: le poisso,5b5a3099-e29b-41e4-8aa3-33482062af1e,dba1659d-7ca6-47e9-bd40-ebc69b942643,eb693d4b-fa9f-4bf9-b498-,5b5a3099-e29b-41e4-8aa3-33482062af1e
[05-06-2025 11:27:54] - [[32minfo[39m]: [UPDATE] Update d'un poisson
[05-06-2025 11:27:54] - [[31merror[39m]: Erreur lors de la màj du post: Failed query: update "fishes" set "name" = $1, "user_id" = $2, "place_id" = $3 where ("fishes"."id" = $4 and "fishes"."user_id" = $5)
params: le poisso,5b5a3099-e29b-41e4-8aa3-33482062af1e,dba1659d-7ca6-47e9-bd40-ebc69b942643,eb693d4b-fa9f-4bf9-b498-,5b5a3099-e29b-41e4-8aa3-33482062af1e
[05-06-2025 11:28:00] - [[32minfo[39m]: [UPDATE] Update d'un poisson
[05-06-2025 11:28:00] - [[31merror[39m]: Erreur lors de la màj du post: Failed query: update "fishes" set "name" = $1, "user_id" = $2, "place_id" = $3 where ("fishes"."id" = $4 and "fishes"."user_id" = $5)
params: le poisso,5b5a3099-e29b-41e4-8aa3-33482062af1e,dba1659d-7ca6-47e9-bd40-ebc69b942643,eb693d4b-fa9f-4bf9-b498-,5b5a3099-e29b-41e4-8aa3-33482062af1e
[05-06-2025 11:28:04] - [[32minfo[39m]: [UPDATE] Update d'un poisson
[05-06-2025 11:28:04] - [[31merror[39m]: Erreur lors de la màj du poisson: Failed query: update "fishes" set "name" = $1, "user_id" = $2, "place_id" = $3 where ("fishes"."id" = $4 and "fishes"."user_id" = $5)
params: le poisso,5b5a3099-e29b-41e4-8aa3-33482062af1e,dba1659d-7ca6-47e9-bd40-ebc69b942643,eb693d4b-fa9f-4bf9-b498-,5b5a3099-e29b-41e4-8aa3-33482062af1e
[05-06-2025 11:28:55] - [[32minfo[39m]: [GET] Récupérer tout les poissons
[05-06-2025 11:29:39] - [[32minfo[39m]: [UPDATE] Update d'un poisson
[05-06-2025 11:30:27] - [[32minfo[39m]: [UPDATE] Update d'un poisson
[05-06-2025 11:30:52] - [[32minfo[39m]: [GET] Récupérer tout les poissons
[05-06-2025 11:33:11] - [[32minfo[39m]: [GET] Récupérer tout les poissons
[05-06-2025 11:33:31] - [[32minfo[39m]: [UPDATE] Update d'un poisson
[05-06-2025 11:34:23] - [[32minfo[39m]: [GET] Récupérer tout les poissons
[05-06-2025 11:34:43] - [[32minfo[39m]: [UPDATE] Update d'un poisson
[05-06-2025 11:35:14] - [[32minfo[39m]: [UPDATE] Update d'un poisson
[05-06-2025 11:35:19] - [[32minfo[39m]: [UPDATE] Update d'un poisson
[05-06-2025 11:35:24] - [[32minfo[39m]: [UPDATE] Update d'un poisson
[05-06-2025 11:35:44] - [[32minfo[39m]: [UPDATE] Update d'un poisson
[05-06-2025 11:36:02] - [[32minfo[39m]: [UPDATE] Update d'un poisson
[05-06-2025 11:36:27] - [[32minfo[39m]: [UPDATE] Update d'un poisson
[05-06-2025 11:36:34] - [[32minfo[39m]: [GET] Récupérer tout les poissons
[05-06-2025 11:37:52] - [[32minfo[39m]: [UPDATE] Update d'un poisson
[05-06-2025 11:37:59] - [[32minfo[39m]: [UPDATE] Update d'un poisson
[05-06-2025 11:39:29] - [[32minfo[39m]: [UPDATE] Update d'un poisson
[05-06-2025 11:44:15] - [[32minfo[39m]: [GET] Récupérer tout les endroits
[05-06-2025 11:44:57] - [[32minfo[39m]: [POST] Créer un endroit
[05-06-2025 11:45:01] - [[32minfo[39m]: [POST] Créer un endroit
[05-06-2025 11:45:01] - [[31merror[39m]: Erreur lors de la création de l'endroit: Failed query: insert into "places" ("id", "name", "created_by_id") values (default, $1, $2) returning "id", "name"
params: le super endroit,5b5a3099-e29b-41e4-8aa3-33482062af1e
[05-06-2025 11:46:24] - [[32minfo[39m]: [POST] Créer un endroit
[05-06-2025 11:46:24] - [[31merror[39m]: Erreur lors de la création de l'endroit: Failed query: insert into "places" ("id", "name", "created_by_id") values (default, $1, $2) returning "id", "name"
params: le super endroit,5b5a3099-e29b-41e4-8aa3-33482062af1e
[05-06-2025 11:46:33] - [[32minfo[39m]: [POST] Créer un endroit
[05-06-2025 11:46:33] - [[31merror[39m]: Erreur lors de la création de l'endroit: Failed query: insert into "places" ("id", "name", "created_by_id") values (default, $1, $2) returning "id", "name"
params: le super endroit,5b5a3099-e29b-41e4-8aa3-33482062af1e
[05-06-2025 11:46:36] - [[32minfo[39m]: [POST] Créer un endroit
[05-06-2025 11:46:36] - [[31merror[39m]: Erreur lors de la création de l'endroit: Failed query: insert into "places" ("id", "name", "created_by_id") values (default, $1, $2) returning "id", "name"
params: le super endroit,5b5a3099-e29b-41e4-8aa3-33482062af1e
[05-06-2025 11:47:37] - [[32minfo[39m]: [POST] Créer un endroit
[05-06-2025 11:47:59] - [[32minfo[39m]: [UPDATE] Update d'un endroit
[05-06-2025 11:48:21] - [[32minfo[39m]: [UPDATE] Update d'un endroit
