[04-06-2025 15:02:43] - [[31merror[39m]: Erreur lors de l'inscription de l'utilisateur: [
  {
    "code": "too_small",
    "minimum": 6,
    "type": "string",
    "inclusive": true,
    "exact": false,
    "message": "L'username doit contenir au moins 6 caractères ",
    "path": [
      "username"
    ]
  }
]
[04-06-2025 16:53:35] - [[31merror[39m]: Erreur lors de la récupération des poissons: Failed query: select "id", "name", "level", "created_at", "updated_at" from "fishes"
params: 
[05-06-2025 11:15:47] - [[31merror[39m]: Erreur lors de la création du poisson: Failed query: insert into "fishes" ("id", "name", "level", "user_id", "place_id", "created_at", "updated_at") values (default, $1, default, $2, $3, default, default) returning "id", "name"
params: lke poisson,5b5a3099-e29b-41e4-8aa3-33482062af1e,dba1659d-7ca6-47e9-bd40-ebc69b942643
[05-06-2025 11:26:45] - [[31merror[39m]: Erreur lors de la màj du post: Failed query: update "fishes" set "name" = $1, "user_id" = $2, "place_id" = $3 where ("fishes"."id" = $4 and "fishes"."user_id" = $5)
params: le poisso,5b5a3099-e29b-41e4-8aa3-33482062af1e,dba1659d-7ca6-47e9-bd40-ebc69b942643,eb693d4b-fa9f-4bf9-b498-,5b5a3099-e29b-41e4-8aa3-33482062af1e
[05-06-2025 11:27:54] - [[31merror[39m]: Erreur lors de la màj du post: Failed query: update "fishes" set "name" = $1, "user_id" = $2, "place_id" = $3 where ("fishes"."id" = $4 and "fishes"."user_id" = $5)
params: le poisso,5b5a3099-e29b-41e4-8aa3-33482062af1e,dba1659d-7ca6-47e9-bd40-ebc69b942643,eb693d4b-fa9f-4bf9-b498-,5b5a3099-e29b-41e4-8aa3-33482062af1e
[05-06-2025 11:28:00] - [[31merror[39m]: Erreur lors de la màj du post: Failed query: update "fishes" set "name" = $1, "user_id" = $2, "place_id" = $3 where ("fishes"."id" = $4 and "fishes"."user_id" = $5)
params: le poisso,5b5a3099-e29b-41e4-8aa3-33482062af1e,dba1659d-7ca6-47e9-bd40-ebc69b942643,eb693d4b-fa9f-4bf9-b498-,5b5a3099-e29b-41e4-8aa3-33482062af1e
[05-06-2025 11:28:04] - [[31merror[39m]: Erreur lors de la màj du poisson: Failed query: update "fishes" set "name" = $1, "user_id" = $2, "place_id" = $3 where ("fishes"."id" = $4 and "fishes"."user_id" = $5)
params: le poisso,5b5a3099-e29b-41e4-8aa3-33482062af1e,dba1659d-7ca6-47e9-bd40-ebc69b942643,eb693d4b-fa9f-4bf9-b498-,5b5a3099-e29b-41e4-8aa3-33482062af1e
[05-06-2025 11:45:01] - [[31merror[39m]: Erreur lors de la création de l'endroit: Failed query: insert into "places" ("id", "name", "created_by_id") values (default, $1, $2) returning "id", "name"
params: le super endroit,5b5a3099-e29b-41e4-8aa3-33482062af1e
[05-06-2025 11:46:24] - [[31merror[39m]: Erreur lors de la création de l'endroit: Failed query: insert into "places" ("id", "name", "created_by_id") values (default, $1, $2) returning "id", "name"
params: le super endroit,5b5a3099-e29b-41e4-8aa3-33482062af1e
[05-06-2025 11:46:33] - [[31merror[39m]: Erreur lors de la création de l'endroit: Failed query: insert into "places" ("id", "name", "created_by_id") values (default, $1, $2) returning "id", "name"
params: le super endroit,5b5a3099-e29b-41e4-8aa3-33482062af1e
[05-06-2025 11:46:36] - [[31merror[39m]: Erreur lors de la création de l'endroit: Failed query: insert into "places" ("id", "name", "created_by_id") values (default, $1, $2) returning "id", "name"
params: le super endroit,5b5a3099-e29b-41e4-8aa3-33482062af1e
